<?xml version="1.0" encoding="UTF-8"?>
<!-- Generated by org.testng.reporters.JUnitReportReporter -->
<testsuite skipped="0" hostname="IP-C613988B" name="com.company.servicenowtests.tests.TestListView" tests="3" failures="0" timestamp="11 Dec 2019 16:04:11 GMT" time="30.038" errors="0">
  <testcase name="testProblemListView" time="10.273" classname="com.company.servicenowtests.tests.TestListView"/>
  <testcase name="testChangeManagementListView" time="9.637" classname="com.company.servicenowtests.tests.TestListView"/>
  <testcase name="testIncidentListView" time="10.128" classname="com.company.servicenowtests.tests.TestListView"/>
</testsuite> <!-- com.company.servicenowtests.tests.TestListView -->
