<?xml version="1.0" encoding="UTF-8"?>
<!-- Generated by org.testng.reporters.JUnitReportReporter -->
<testsuite skipped="0" hostname="IP-C613988B" name="com.company.servicenowtests.tests.TestTemplateForm" tests="1" failures="0" timestamp="12 Dec 2019 15:12:19 GMT" time="67.842" errors="0">
  <testcase name="createAChangeTemplate" time="67.842" classname="com.company.servicenowtests.tests.TestTemplateForm"/>
</testsuite> <!-- com.company.servicenowtests.tests.TestTemplateForm -->
