<?xml version="1.0" encoding="UTF-8"?>
<!-- Generated by org.testng.reporters.JUnitReportReporter -->
<testsuite skipped="0" hostname="IP-C613988B" name="com.company.servicenowtests.tasks.testcases.TestIncidentWithoutSauce" tests="1" failures="0" timestamp="12 Dec 2019 15:12:19 GMT" time="68.614" errors="0">
  <testcase name="testIncident" time="68.614" classname="com.company.servicenowtests.tasks.testcases.TestIncidentWithoutSauce"/>
</testsuite> <!-- com.company.servicenowtests.tasks.testcases.TestIncidentWithoutSauce -->
