<?xml version="1.0" encoding="UTF-8"?>
<!-- Generated by org.testng.reporters.JUnitReportReporter -->
<testsuite skipped="0" hostname="IP-C613988B" name="com.company.servicenowtests.servicecatalog.testcases.TestSalesLaptop" tests="1" failures="0" timestamp="12 Dec 2019 15:12:19 GMT" time="42.154" errors="0">
  <testcase name="testCreationOfOrder" time="42.154" classname="com.company.servicenowtests.servicecatalog.testcases.TestSalesLaptop"/>
</testsuite> <!-- com.company.servicenowtests.servicecatalog.testcases.TestSalesLaptop -->
