<?xml version="1.0" encoding="UTF-8"?>
<!-- Generated by org.testng.reporters.JUnitReportReporter -->
<testsuite skipped="0" hostname="IP-C613988B" name="com.company.servicenowtests.tests.TestLeftNav" tests="1" failures="0" timestamp="12 Dec 2019 15:12:19 GMT" time="67.987" errors="0">
  <testcase name="testswitchToNavFrame" time="67.987" classname="com.company.servicenowtests.tests.TestLeftNav"/>
</testsuite> <!-- com.company.servicenowtests.tests.TestLeftNav -->
